<?xml version="1.0" encoding="UTF-8"?>
<testsuite xmlns:xsi="http://www.w3.org/2001/XMLSchema-instance" xsi:noNamespaceSchemaLocation="https://maven.apache.org/surefire/maven-surefire-plugin/xsd/surefire-test-report-3.0.xsd" version="3.0" name="TestSuite" time="5.666" tests="3" errors="0" skipped="0" failures="0">
  <properties>
[...]
</properties>
  <testcase name="testLogin" classname="tests.ParameterizedPurchaseTest" time="0.883">
    <system-out><![CDATA[======== 测试参数 ========
Browser: chrome
Product Count: 2
First Name: John
Last Name: Doe
Postal Code: 12345
]]></system-out>
    <system-err><![CDATA[SLF4J: Failed to load class "org.slf4j.impl.StaticLoggerBinder".
SLF4J: Defaulting to no-operation (NOP) logger implementation
SLF4J: See http://www.slf4j.org/codes.html#StaticLoggerBinder for further details.
四月 18, 2025 4:42:14 下午 org.openqa.selenium.remote.service.DriverService$Builder getLogOutput
信息: Driver logs no longer sent to console by default; https://www.selenium.dev/documentation/webdriver/drivers/service/#setting-log-output
四月 18, 2025 4:42:16 下午 org.openqa.selenium.devtools.CdpVersionFinder findNearestMatch
警告: Unable to find CDP implementation matching 135
四月 18, 2025 4:42:16 下午 org.openqa.selenium.chromium.ChromiumDriver lambda$new$4
警告: Unable to find version of CDP to use for . You may need to include a dependency on a specific version of the CDP using something similar to `org.seleniumhq.selenium:selenium-devtools-v86:4.10.0` where the version ("v86") matches the version of the chromium-based browser you're using and the version number of the artifact is the same as Selenium's.
]]></system-err>
  </testcase>
  <testcase name="testAddProductsToCart" classname="tests.ParameterizedPurchaseTest" time="0.254"/>
  <testcase name="testCheckoutProcess" classname="tests.ParameterizedPurchaseTest" time="0.589"/>
</testsuite>