<?xml version="1.0" encoding="UTF-8"?>
<!-- Generated by org.testng.reporters.JUnitXMLReporter -->
<testsuite hostname="wang-pc" ignored="0" name="Parameterized Purchase Test" tests="3" failures="0" timestamp="2025-04-18T16:42:19 CST" time="4.985" errors="0">
  <testcase name="testLogin" time="0.882" classname="tests.ParameterizedPurchaseTest"/>
  <testcase name="testAddProductsToCart" time="0.255" classname="tests.ParameterizedPurchaseTest"/>
  <testcase name="testCheckoutProcess" time="0.589" classname="tests.ParameterizedPurchaseTest"/>
</testsuite> <!-- Parameterized Purchase Test -->
